* 3.2.2
    - Moved saved talent sequences to an account-wide library
    - Added automatic migration from legacy per-character saved sequences
    - Grouped imported sequences by class in the sequence browser
    - Pinned the current character class to the top of the list
    - Disabled loading sequences for classes other than the logged-in character
    - Read the target class directly from Wowhead URLs during import

* 3.2.1
    - Reorganized the addon into a clean top-level Classic/TBC source layout
    - Added flavor-specific Vanilla and TBC TOCs
    - Fixed StaticPopup import dialog compatibility on current Classic clients
    - Fixed deleting the active sequence so it no longer returns as <unnamed> on reload
    - Reworked Wowhead parsing to use explicit flavor/class/tree talent-name mappings
    - Added mapped Wowhead support for all TBC classes
    - Removed deprecated Icy Veins import support
    - Updated packaging and README for the cleaned source tree

# 3.1.0
    - Patched to support Wow Classic Era

* 3.0.10
    - Solves Talented race condition without force loading Talented

* 3.0.9
    - Fix race condition when attaching to Talented

* 3.0.7
    - Show button not being set corrected if hidden when first loading

* 3.0.7
    - Additional WoWHead talent fix

* 3.0.6
    - Changed talent sequence background to opaque
    - Modified button to be more descriptive

* 3.0.5
    - Fixed bug with WowHead import
    
* 3.0.4
    - Added support for WowHead

* 3.0.3
    - You can now paste either just the talent data, or the entire talent calculator URL
    - Fixed bug that throws error if you try and open the talent window on a character with a level lower than 10

* 3.0.2
    - Fixed bug where talent sequence management window open under Talented
    
* 3.0.1
    - Support added for Talented
    
* 3.0.0
    - Fixed issues preventing addon from running with TBC Classic
    
==== FORKED HERE ====

* 2.0
    - Added support for multiple sequences

* 1.2.3
    - Fixed issue where error would sometimes occur on login

* 1.2.2
    - Fixed issue where addon would not attach to the talent ui if DejaClassicStats is enabled

* 1.2.1
    - Fixed level text with a 4 or 8 sometimes getting turned into ...

* 1.2
    - Fixed an issue where importing a sequence that includes talents you already know would not properly adjust the scroll bar

* 1.1
    - Won't try to import if the url is for a different class
    
* 1.0
    - Fixed rank text being slightly offset
    - Support more versions of Bobo-Talent urls

* 0.1-beta
    - Fixed icons of not known talents being desaturated

* 0.3-alpha
    - Now works in Classic Beta, thanks to /u/mrdarkey and /u/lentus

* 0.2-alpha
    - Fix Classic not having the "ItemButton" frame type

* 0.1-alpha
    - Intial Release
